<?xml version="1.0" encoding="UTF-8"?>
<!-- Generated by org.testng.reporters.JUnitReportReporter -->
<testsuite hostname="LAPTOP-52LETVGJ" failures="0" tests="1" name="FreeCRM_Project.AppTest" time="0.023" errors="0" timestamp="2020-12-26T00:12:04 EST" skipped="0">
  <testcase classname="FreeCRM_Project.AppTest" name="shouldAnswerWithTrue" time="0.023"/>
  <system-out/>
</testsuite> <!-- FreeCRM_Project.AppTest -->
