<?xml version="1.0" encoding="UTF-8"?>
<!-- Generated by org.testng.reporters.JUnitReportReporter -->
<testsuite hostname="LAPTOP-52LETVGJ" failures="0" tests="6" name="com.qa.testCase.DealsPageTest" time="67.958" errors="0" timestamp="2020-12-27T15:10:47 EST" skipped="0">
  <testcase classname="com.qa.testCase.DealsPageTest" name="verifyTheSavedDetailsTest" time="10.694"/>
  <system-out/>
  <testcase classname="com.qa.testCase.DealsPageTest" name="newDealsDetailsTest" time="12.030"/>
  <system-out/>
  <testcase classname="com.qa.testCase.DealsPageTest" name="newDealsDetailsTest" time="11.946"/>
  <system-out/>
  <testcase classname="com.qa.testCase.DealsPageTest" name="newDealsDetailsTest" time="11.330"/>
  <system-out/>
  <testcase classname="com.qa.testCase.DealsPageTest" name="verifyTheDealsPageTest" time="10.151"/>
  <system-out/>
  <testcase classname="com.qa.testCase.DealsPageTest" name="newDealsDetailsTest" time="11.807"/>
  <system-out/>
</testsuite> <!-- com.qa.testCase.DealsPageTest -->
