<?xml version="1.0" encoding="UTF-8"?>
<!-- Generated by org.testng.reporters.JUnitReportReporter -->
<testsuite hostname="LAPTOP-52LETVGJ" failures="0" tests="8" name="com.qa.testCase.LoginPageTest" time="74.188" errors="0" timestamp="2020-12-27T16:03:12 EST" skipped="0">
  <testcase classname="com.qa.testCase.LoginPageTest" name="verifyTheLoginPageTest" time="8.186"/>
  <system-out/>
  <testcase classname="com.qa.testCase.LoginPageTest" name="LoginTest" time="9.242"/>
  <system-out/>
  <testcase classname="com.qa.testCase.LoginPageTest" name="LoginTest" time="9.090"/>
  <system-out/>
  <testcase classname="com.qa.testCase.LoginPageTest" name="LoginTest" time="8.625"/>
  <system-out/>
  <testcase classname="com.qa.testCase.LoginPageTest" name="LoginTest" time="9.237"/>
  <system-out/>
  <testcase classname="com.qa.testCase.LoginPageTest" name="LoginTest" time="8.724"/>
  <system-out/>
  <testcase classname="com.qa.testCase.LoginPageTest" name="ClickOnForgetPasswordLinkTest" time="10.868"/>
  <system-out/>
  <testcase classname="com.qa.testCase.LoginPageTest" name="ClickOnClassicCRMPageTest" time="10.216"/>
  <system-out/>
</testsuite> <!-- com.qa.testCase.LoginPageTest -->
