<?xml version="1.0" encoding="UTF-8"?>
<!-- Generated by org.testng.reporters.JUnitReportReporter -->
<testsuite hostname="LAPTOP-52LETVGJ" failures="0" tests="4" name="com.qa.testCase.HomePageTest" time="41.029" errors="0" timestamp="2020-12-27T16:03:12 EST" skipped="0">
  <testcase classname="com.qa.testCase.HomePageTest" name="FormsPageTest" time="10.912"/>
  <system-out/>
  <testcase classname="com.qa.testCase.HomePageTest" name="ContactsPageTest" time="10.387"/>
  <system-out/>
  <testcase classname="com.qa.testCase.HomePageTest" name="DealsPageTest" time="10.121"/>
  <system-out/>
  <testcase classname="com.qa.testCase.HomePageTest" name="verifyTheHomePageTest" time="9.609"/>
  <system-out/>
</testsuite> <!-- com.qa.testCase.HomePageTest -->
