<?xml version="1.0" encoding="UTF-8"?>
<!-- Generated by org.testng.reporters.JUnitReportReporter -->
<testsuite hostname="LAPTOP-52LETVGJ" failures="0" tests="6" name="com.qa.testCase.FormsPageTest" time="67.671" errors="0" timestamp="2020-12-27T15:10:47 EST" skipped="0">
  <testcase classname="com.qa.testCase.FormsPageTest" name="newFormsDetailsTest" time="10.890"/>
  <system-out/>
  <testcase classname="com.qa.testCase.FormsPageTest" name="newFormsDetailsTest" time="11.880"/>
  <system-out/>
  <testcase classname="com.qa.testCase.FormsPageTest" name="newFormsDetailsTest" time="12.399"/>
  <system-out/>
  <testcase classname="com.qa.testCase.FormsPageTest" name="newFormsDetailsTest" time="11.525"/>
  <system-out/>
  <testcase classname="com.qa.testCase.FormsPageTest" name="verifyTheSavedDetailsTest" time="10.828"/>
  <system-out/>
  <testcase classname="com.qa.testCase.FormsPageTest" name="verifyTheFormsPageTest" time="10.149"/>
  <system-out/>
</testsuite> <!-- com.qa.testCase.FormsPageTest -->
